<?xml version="1.0" encoding="UTF-8"?>
<testsuite xmlns:xsi="http://www.w3.org/2001/XMLSchema-instance" xsi:noNamespaceSchemaLocation="https://maven.apache.org/surefire/maven-surefire-plugin/xsd/surefire-test-report.xsd" name="mflix.api.daos.GetCommentsTest" time="0.22" tests="3" errors="2" skipped="0" failures="0">
  <properties>
[...]
</properties>
  <testcase name="testGetMovieComments" classname="mflix.api.daos.GetCommentsTest" time="0.079">
    <error type="java.lang.NullPointerException">java.lang.NullPointerException
	at mflix.api.daos.GetCommentsTest.testGetMovieComments(GetCommentsTest.java:72)
</error>
    <system-out><![CDATA[2022-01-20 21:43:32.545  INFO 7860 --- [           main] .b.t.c.SpringBootTestContextBootstrapper : Neither @ContextConfiguration nor @ContextHierarchy found for test class [mflix.api.daos.GetCommentsTest], using SpringBootContextLoader
2022-01-20 21:43:32.546  INFO 7860 --- [           main] o.s.t.c.support.AbstractContextLoader    : Could not detect default resource locations for test class [mflix.api.daos.GetCommentsTest]: no resource found for suffixes {-context.xml, Context.groovy}.
2022-01-20 21:43:32.554  INFO 7860 --- [           main] .b.t.c.SpringBootTestContextBootstrapper : Loaded default TestExecutionListener class names from location [META-INF/spring.factories]: [org.springframework.boot.test.mock.mockito.MockitoTestExecutionListener, org.springframework.boot.test.mock.mockito.ResetMocksTestExecutionListener, org.springframework.boot.test.autoconfigure.restdocs.RestDocsTestExecutionListener, org.springframework.boot.test.autoconfigure.web.client.MockRestServiceServerResetTestExecutionListener, org.springframework.boot.test.autoconfigure.web.servlet.MockMvcPrintOnlyOnFailureTestExecutionListener, org.springframework.boot.test.autoconfigure.web.servlet.WebDriverTestExecutionListener, org.springframework.test.context.web.ServletTestExecutionListener, org.springframework.test.context.support.DirtiesContextBeforeModesTestExecutionListener, org.springframework.test.context.support.DependencyInjectionTestExecutionListener, org.springframework.test.context.support.DirtiesContextTestExecutionListener, org.springframework.test.context.transaction.TransactionalTestExecutionListener, org.springframework.test.context.jdbc.SqlScriptsTestExecutionListener]
2022-01-20 21:43:32.555  INFO 7860 --- [           main] .b.t.c.SpringBootTestContextBootstrapper : Using TestExecutionListeners: [org.springframework.test.context.web.ServletTestExecutionListener@ca6a74, org.springframework.test.context.support.DirtiesContextBeforeModesTestExecutionListener@1fd6f95, org.springframework.boot.test.mock.mockito.MockitoTestExecutionListener@840594, org.springframework.boot.test.autoconfigure.SpringBootDependencyInjectionTestExecutionListener@1c675f0, org.springframework.test.context.support.DirtiesContextTestExecutionListener@823f76, org.springframework.boot.test.mock.mockito.ResetMocksTestExecutionListener@917bb4, org.springframework.boot.test.autoconfigure.restdocs.RestDocsTestExecutionListener@d16657, org.springframework.boot.test.autoconfigure.web.client.MockRestServiceServerResetTestExecutionListener@42f788, org.springframework.boot.test.autoconfigure.web.servlet.MockMvcPrintOnlyOnFailureTestExecutionListener@13e13f9, org.springframework.boot.test.autoconfigure.web.servlet.WebDriverTestExecutionListener@7f96b1]
]]></system-out>
  </testcase>
  <testcase name="testInsertedComment" classname="mflix.api.daos.GetCommentsTest" time="0.041">
    <error type="java.lang.NullPointerException">java.lang.NullPointerException
	at mflix.api.daos.GetCommentsTest.testInsertedComment(GetCommentsTest.java:96)
</error>
  </testcase>
  <testcase name="testCommentsMovieIdNonExisting" classname="mflix.api.daos.GetCommentsTest" time="0.085"/>
</testsuite>