<?xml version="1.0" encoding="UTF-8"?>
<testsuite xmlns:xsi="http://www.w3.org/2001/XMLSchema-instance" xsi:noNamespaceSchemaLocation="https://maven.apache.org/surefire/maven-surefire-plugin/xsd/surefire-test-report.xsd" name="mflix.api.daos.UpdateCreateCommentTest" time="0.181" tests="5" errors="0" skipped="0" failures="4">
  <properties>
[...]
</properties>
  <testcase name="testUserAddCommentWithNoID" classname="mflix.api.daos.UpdateCreateCommentTest" time="0.019">
    <failure message="Expected exception: mflix.api.daos.IncorrectDaoOperation" type="java.lang.AssertionError">java.lang.AssertionError: Expected exception: mflix.api.daos.IncorrectDaoOperation
</failure>
    <system-out><![CDATA[2022-01-20 21:43:41.183  INFO 7860 --- [           main] .b.t.c.SpringBootTestContextBootstrapper : Neither @ContextConfiguration nor @ContextHierarchy found for test class [mflix.api.daos.UpdateCreateCommentTest], using SpringBootContextLoader
2022-01-20 21:43:41.184  INFO 7860 --- [           main] o.s.t.c.support.AbstractContextLoader    : Could not detect default resource locations for test class [mflix.api.daos.UpdateCreateCommentTest]: no resource found for suffixes {-context.xml, Context.groovy}.
2022-01-20 21:43:41.200  INFO 7860 --- [           main] .b.t.c.SpringBootTestContextBootstrapper : Loaded default TestExecutionListener class names from location [META-INF/spring.factories]: [org.springframework.boot.test.mock.mockito.MockitoTestExecutionListener, org.springframework.boot.test.mock.mockito.ResetMocksTestExecutionListener, org.springframework.boot.test.autoconfigure.restdocs.RestDocsTestExecutionListener, org.springframework.boot.test.autoconfigure.web.client.MockRestServiceServerResetTestExecutionListener, org.springframework.boot.test.autoconfigure.web.servlet.MockMvcPrintOnlyOnFailureTestExecutionListener, org.springframework.boot.test.autoconfigure.web.servlet.WebDriverTestExecutionListener, org.springframework.test.context.web.ServletTestExecutionListener, org.springframework.test.context.support.DirtiesContextBeforeModesTestExecutionListener, org.springframework.test.context.support.DependencyInjectionTestExecutionListener, org.springframework.test.context.support.DirtiesContextTestExecutionListener, org.springframework.test.context.transaction.TransactionalTestExecutionListener, org.springframework.test.context.jdbc.SqlScriptsTestExecutionListener]
2022-01-20 21:43:41.204  INFO 7860 --- [           main] .b.t.c.SpringBootTestContextBootstrapper : Using TestExecutionListeners: [org.springframework.test.context.web.ServletTestExecutionListener@1ab01d9, org.springframework.test.context.support.DirtiesContextBeforeModesTestExecutionListener@e09c51, org.springframework.boot.test.mock.mockito.MockitoTestExecutionListener@69d87c, org.springframework.boot.test.autoconfigure.SpringBootDependencyInjectionTestExecutionListener@f3166a, org.springframework.test.context.support.DirtiesContextTestExecutionListener@1637a24, org.springframework.boot.test.mock.mockito.ResetMocksTestExecutionListener@1e76a8d, org.springframework.boot.test.autoconfigure.restdocs.RestDocsTestExecutionListener@10beef5, org.springframework.boot.test.autoconfigure.web.client.MockRestServiceServerResetTestExecutionListener@1d1f638, org.springframework.boot.test.autoconfigure.web.servlet.MockMvcPrintOnlyOnFailureTestExecutionListener@14f13fc, org.springframework.boot.test.autoconfigure.web.servlet.WebDriverTestExecutionListener@176aa5a]
]]></system-out>
  </testcase>
  <testcase name="testAddCommentUsingObjectId" classname="mflix.api.daos.UpdateCreateCommentTest" time="0.07">
    <failure type="java.lang.AssertionError">java.lang.AssertionError
	at mflix.api.daos.UpdateCreateCommentTest.testAddCommentUsingObjectId(UpdateCreateCommentTest.java:157)
</failure>
    <system-out><![CDATA[2022-01-20 21:43:41.253  INFO 7860 --- [ngodb.net:27017] org.mongodb.driver.connection            : Opened connection [connectionId{localValue:25, serverValue:2746}] to mflix-shard-00-00.oxdy0.mongodb.net:27017
2022-01-20 21:43:41.265  INFO 7860 --- [ngodb.net:27017] org.mongodb.driver.connection            : Opened connection [connectionId{localValue:26, serverValue:2783}] to mflix-shard-00-01.oxdy0.mongodb.net:27017
2022-01-20 21:43:41.265  INFO 7860 --- [ngodb.net:27017] org.mongodb.driver.connection            : Opened connection [connectionId{localValue:24, serverValue:2337}] to mflix-shard-00-02.oxdy0.mongodb.net:27017
2022-01-20 21:43:41.266  INFO 7860 --- [ngodb.net:27017] org.mongodb.driver.cluster               : Monitor thread successfully connected to server with description ServerDescription{address=mflix-shard-00-00.oxdy0.mongodb.net:27017, type=REPLICA_SET_SECONDARY, state=CONNECTED, ok=true, version=ServerVersion{versionList=[4, 4, 11]}, minWireVersion=0, maxWireVersion=9, maxDocumentSize=16777216, logicalSessionTimeoutMinutes=30, roundTripTimeNanos=11976000, setName='atlas-x107nf-shard-0', canonicalAddress=mflix-shard-00-00.oxdy0.mongodb.net:27017, hosts=[mflix-shard-00-00.oxdy0.mongodb.net:27017, mflix-shard-00-01.oxdy0.mongodb.net:27017, mflix-shard-00-02.oxdy0.mongodb.net:27017], passives=[], arbiters=[], primary='mflix-shard-00-01.oxdy0.mongodb.net:27017', tagSet=TagSet{[Tag{name='workloadType', value='OPERATIONAL'}, Tag{name='region', value='AP_SOUTH_1'}, Tag{name='provider', value='AWS'}, Tag{name='nodeType', value='ELECTABLE'}]}, electionId=null, setVersion=5, lastWriteDate=Thu Jan 20 21:43:41 IST 2022, lastUpdateTimeNanos=29841407692800}
2022-01-20 21:43:41.297  INFO 7860 --- [ngodb.net:27017] org.mongodb.driver.cluster               : Monitor thread successfully connected to server with description ServerDescription{address=mflix-shard-00-02.oxdy0.mongodb.net:27017, type=REPLICA_SET_SECONDARY, state=CONNECTED, ok=true, version=ServerVersion{versionList=[4, 4, 11]}, minWireVersion=0, maxWireVersion=9, maxDocumentSize=16777216, logicalSessionTimeoutMinutes=30, roundTripTimeNanos=30698900, setName='atlas-x107nf-shard-0', canonicalAddress=mflix-shard-00-02.oxdy0.mongodb.net:27017, hosts=[mflix-shard-00-00.oxdy0.mongodb.net:27017, mflix-shard-00-01.oxdy0.mongodb.net:27017, mflix-shard-00-02.oxdy0.mongodb.net:27017], passives=[], arbiters=[], primary='mflix-shard-00-01.oxdy0.mongodb.net:27017', tagSet=TagSet{[Tag{name='workloadType', value='OPERATIONAL'}, Tag{name='nodeType', value='ELECTABLE'}, Tag{name='provider', value='AWS'}, Tag{name='region', value='AP_SOUTH_1'}]}, electionId=null, setVersion=5, lastWriteDate=Thu Jan 20 21:43:41 IST 2022, lastUpdateTimeNanos=29841438832300}
2022-01-20 21:43:41.297  INFO 7860 --- [ngodb.net:27017] org.mongodb.driver.cluster               : Monitor thread successfully connected to server with description ServerDescription{address=mflix-shard-00-01.oxdy0.mongodb.net:27017, type=REPLICA_SET_PRIMARY, state=CONNECTED, ok=true, version=ServerVersion{versionList=[4, 4, 11]}, minWireVersion=0, maxWireVersion=9, maxDocumentSize=16777216, logicalSessionTimeoutMinutes=30, roundTripTimeNanos=31738500, setName='atlas-x107nf-shard-0', canonicalAddress=mflix-shard-00-01.oxdy0.mongodb.net:27017, hosts=[mflix-shard-00-00.oxdy0.mongodb.net:27017, mflix-shard-00-01.oxdy0.mongodb.net:27017, mflix-shard-00-02.oxdy0.mongodb.net:27017], passives=[], arbiters=[], primary='mflix-shard-00-01.oxdy0.mongodb.net:27017', tagSet=TagSet{[Tag{name='workloadType', value='OPERATIONAL'}, Tag{name='provider', value='AWS'}, Tag{name='nodeType', value='ELECTABLE'}, Tag{name='region', value='AP_SOUTH_1'}]}, electionId=7fffffff000000000000006b, setVersion=5, lastWriteDate=Thu Jan 20 21:43:41 IST 2022, lastUpdateTimeNanos=29841438848200}
2022-01-20 21:43:41.297  INFO 7860 --- [ngodb.net:27017] org.mongodb.driver.cluster               : Setting max election id to 7fffffff000000000000006b from replica set primary mflix-shard-00-01.oxdy0.mongodb.net:27017
2022-01-20 21:43:41.297  INFO 7860 --- [ngodb.net:27017] org.mongodb.driver.cluster               : Setting max set version to 5 from replica set primary mflix-shard-00-01.oxdy0.mongodb.net:27017
2022-01-20 21:43:41.297  INFO 7860 --- [ngodb.net:27017] org.mongodb.driver.cluster               : Discovered replica set primary mflix-shard-00-01.oxdy0.mongodb.net:27017
]]></system-out>
  </testcase>
  <testcase name="testUserUpdatesOwnComments" classname="mflix.api.daos.UpdateCreateCommentTest" time="0.022">
    <failure message="Should be able to update his own comments. Check updateComment implementation" type="java.lang.AssertionError">java.lang.AssertionError: Should be able to update his own comments. Check updateComment implementation
	at mflix.api.daos.UpdateCreateCommentTest.testUserUpdatesOwnComments(UpdateCreateCommentTest.java:87)
</failure>
  </testcase>
  <testcase name="testUserFailsUpdateOthersComments" classname="mflix.api.daos.UpdateCreateCommentTest" time="0.022"/>
  <testcase name="testAddCommentWithId" classname="mflix.api.daos.UpdateCreateCommentTest" time="0.029">
    <failure message="Comment should have been correctly added. Check your addComments method" type="java.lang.AssertionError">java.lang.AssertionError: Comment should have been correctly added. Check your addComments method
	at mflix.api.daos.UpdateCreateCommentTest.testAddCommentWithId(UpdateCreateCommentTest.java:127)
</failure>
    <system-out><![CDATA[2022-01-20 21:43:41.372  INFO 7860 --- [ngodb.net:27017] org.mongodb.driver.cluster               : Monitor thread successfully connected to server with description ServerDescription{address=mflix-shard-00-00.oxdy0.mongodb.net:27017, type=REPLICA_SET_SECONDARY, state=CONNECTED, ok=true, version=ServerVersion{versionList=[4, 4, 11]}, minWireVersion=0, maxWireVersion=9, maxDocumentSize=16777216, logicalSessionTimeoutMinutes=30, roundTripTimeNanos=15860400, setName='atlas-x107nf-shard-0', canonicalAddress=mflix-shard-00-00.oxdy0.mongodb.net:27017, hosts=[mflix-shard-00-00.oxdy0.mongodb.net:27017, mflix-shard-00-01.oxdy0.mongodb.net:27017, mflix-shard-00-02.oxdy0.mongodb.net:27017], passives=[], arbiters=[], primary='mflix-shard-00-01.oxdy0.mongodb.net:27017', tagSet=TagSet{[Tag{name='workloadType', value='OPERATIONAL'}, Tag{name='region', value='AP_SOUTH_1'}, Tag{name='provider', value='AWS'}, Tag{name='nodeType', value='ELECTABLE'}]}, electionId=null, setVersion=5, lastWriteDate=Thu Jan 20 21:43:41 IST 2022, lastUpdateTimeNanos=29841514916900}
]]></system-out>
  </testcase>
</testsuite>